INFO:absl:Loading and analyzing data sets.
WARNING:absl:ring_buffer_size_in_time_dim overwritten by the passed-in value: 4
WARNING:absl:ring_buffer_size_in_time_dim overwritten by the passed-in value: 10
WARNING:absl:ring_buffer_size_in_time_dim overwritten by the passed-in value: 14
WARNING:absl:ring_buffer_size_in_time_dim overwritten by the passed-in value: 22
WARNING:absl:ring_buffer_size_in_time_dim overwritten by the passed-in value: 36
Model: "functional"
┏━━━━━━━━━━━━━━━━━━━━━┳━━━━━━━━━━━━━━━━━━━┳━━━━━━━━━━━━┳━━━━━━━━━━━━━━━━━━━┓
┃ Layer (type)        ┃ Output Shape      ┃    Param # ┃ Connected to      ┃
┡━━━━━━━━━━━━━━━━━━━━━╇━━━━━━━━━━━━━━━━━━━╇━━━━━━━━━━━━╇━━━━━━━━━━━━━━━━━━━┩
│ input_layer         │ (16, 178, 40)     │          0 │ -                 │
│ (InputLayer)        │                   │            │                   │
├─────────────────────┼───────────────────┼────────────┼───────────────────┤
│ expand_dims         │ (16, 178, 1, 40)  │          0 │ input_layer[0][0] │
│ (ExpandDims)        │                   │            │                   │
├─────────────────────┼───────────────────┼────────────┼───────────────────┤
│ stream (Stream)     │ (16, 87, 1, 32)   │      6,400 │ expand_dims[0][0] │
├─────────────────────┼───────────────────┼────────────┼───────────────────┤
│ activation          │ (16, 87, 1, 32)   │          0 │ stream[0][0]      │
│ (Activation)        │                   │            │                   │
├─────────────────────┼───────────────────┼────────────┼───────────────────┤
│ stream_1 (Stream)   │ (16, 87, 1, 32)   │          0 │ activation[0][0]  │
├─────────────────────┼───────────────────┼────────────┼───────────────────┤
│ depthwise_conv2d    │ (16, 83, 1, 32)   │        192 │ stream_1[0][0]    │
│ (DepthwiseConv2D)   │                   │            │                   │
├─────────────────────┼───────────────────┼────────────┼───────────────────┤
│ conv2d_1 (Conv2D)   │ (16, 83, 1, 64)   │      2,048 │ depthwise_conv2d… │
├─────────────────────┼───────────────────┼────────────┼───────────────────┤
│ batch_normalization │ (16, 83, 1, 64)   │        256 │ conv2d_1[0][0]    │
│ (BatchNormalizatio… │                   │            │                   │
├─────────────────────┼───────────────────┼────────────┼───────────────────┤
│ activation_1        │ (16, 83, 1, 64)   │          0 │ batch_normalizat… │
│ (Activation)        │                   │            │                   │
├─────────────────────┼───────────────────┼────────────┼───────────────────┤
│ stream_2 (Stream)   │ (16, 83, 1, 64)   │          0 │ activation_1[0][… │
├─────────────────────┼───────────────────┼────────────┼───────────────────┤
│ channel_split       │ [(16, 83, 1, 32), │          0 │ stream_2[0][0]    │
│ (ChannelSplit)      │ (16, 83, 1, 32)]  │            │                   │
├─────────────────────┼───────────────────┼────────────┼───────────────────┤
│ strided_keep        │ (16, 83, 1, 32)   │          0 │ channel_split[0]… │
│ (StridedKeep)       │                   │            │                   │
├─────────────────────┼───────────────────┼────────────┼───────────────────┤
│ strided_keep_1      │ (16, 83, 1, 32)   │          0 │ channel_split[0]… │
│ (StridedKeep)       │                   │            │                   │
├─────────────────────┼───────────────────┼────────────┼───────────────────┤
│ depthwise_conv2d_1  │ (16, 77, 1, 32)   │        256 │ strided_keep[0][… │
│ (DepthwiseConv2D)   │                   │            │                   │
├─────────────────────┼───────────────────┼────────────┼───────────────────┤
│ depthwise_conv2d_2  │ (16, 73, 1, 32)   │        384 │ strided_keep_1[0… │
│ (DepthwiseConv2D)   │                   │            │                   │
├─────────────────────┼───────────────────┼────────────┼───────────────────┤
│ strided_drop        │ (16, 73, 1, 32)   │          0 │ depthwise_conv2d… │
│ (StridedDrop)       │                   │            │                   │
├─────────────────────┼───────────────────┼────────────┼───────────────────┤
│ strided_drop_1      │ (16, 73, 1, 32)   │          0 │ depthwise_conv2d… │
│ (StridedDrop)       │                   │            │                   │
├─────────────────────┼───────────────────┼────────────┼───────────────────┤
│ concatenate         │ (16, 73, 1, 64)   │          0 │ strided_drop[0][… │
│ (Concatenate)       │                   │            │ strided_drop_1[0… │
├─────────────────────┼───────────────────┼────────────┼───────────────────┤
│ conv2d_2 (Conv2D)   │ (16, 73, 1, 64)   │      4,096 │ concatenate[0][0] │
├─────────────────────┼───────────────────┼────────────┼───────────────────┤
│ batch_normalizatio… │ (16, 73, 1, 64)   │        256 │ conv2d_2[0][0]    │
│ (BatchNormalizatio… │                   │            │                   │
├─────────────────────┼───────────────────┼────────────┼───────────────────┤
│ activation_2        │ (16, 73, 1, 64)   │          0 │ batch_normalizat… │
│ (Activation)        │                   │            │                   │
├─────────────────────┼───────────────────┼────────────┼───────────────────┤
│ stream_3 (Stream)   │ (16, 73, 1, 64)   │          0 │ activation_2[0][… │
├─────────────────────┼───────────────────┼────────────┼───────────────────┤
│ channel_split_1     │ [(16, 73, 1, 32), │          0 │ stream_3[0][0]    │
│ (ChannelSplit)      │ (16, 73, 1, 32)]  │            │                   │
├─────────────────────┼───────────────────┼────────────┼───────────────────┤
│ strided_keep_2      │ (16, 73, 1, 32)   │          0 │ channel_split_1[… │
│ (StridedKeep)       │                   │            │                   │
├─────────────────────┼───────────────────┼────────────┼───────────────────┤
│ strided_keep_3      │ (16, 73, 1, 32)   │          0 │ channel_split_1[… │
│ (StridedKeep)       │                   │            │                   │
├─────────────────────┼───────────────────┼────────────┼───────────────────┤
│ depthwise_conv2d_3  │ (16, 65, 1, 32)   │        320 │ strided_keep_2[0… │
│ (DepthwiseConv2D)   │                   │            │                   │
├─────────────────────┼───────────────────┼────────────┼───────────────────┤
│ depthwise_conv2d_4  │ (16, 59, 1, 32)   │        512 │ strided_keep_3[0… │
│ (DepthwiseConv2D)   │                   │            │                   │
├─────────────────────┼───────────────────┼────────────┼───────────────────┤
│ strided_drop_2      │ (16, 59, 1, 32)   │          0 │ depthwise_conv2d… │
│ (StridedDrop)       │                   │            │                   │
├─────────────────────┼───────────────────┼────────────┼───────────────────┤
│ strided_drop_3      │ (16, 59, 1, 32)   │          0 │ depthwise_conv2d… │
│ (StridedDrop)       │                   │            │                   │
├─────────────────────┼───────────────────┼────────────┼───────────────────┤
│ concatenate_1       │ (16, 59, 1, 64)   │          0 │ strided_drop_2[0… │
│ (Concatenate)       │                   │            │ strided_drop_3[0… │
├─────────────────────┼───────────────────┼────────────┼───────────────────┤
│ conv2d_3 (Conv2D)   │ (16, 59, 1, 64)   │      4,096 │ concatenate_1[0]… │
├─────────────────────┼───────────────────┼────────────┼───────────────────┤
│ batch_normalizatio… │ (16, 59, 1, 64)   │        256 │ conv2d_3[0][0]    │
│ (BatchNormalizatio… │                   │            │                   │
├─────────────────────┼───────────────────┼────────────┼───────────────────┤
│ activation_3        │ (16, 59, 1, 64)   │          0 │ batch_normalizat… │
│ (Activation)        │                   │            │                   │
├─────────────────────┼───────────────────┼────────────┼───────────────────┤
│ stream_4 (Stream)   │ (16, 59, 1, 64)   │          0 │ activation_3[0][… │
├─────────────────────┼───────────────────┼────────────┼───────────────────┤
│ depthwise_conv2d_5  │ (16, 37, 1, 64)   │      1,536 │ stream_4[0][0]    │
│ (DepthwiseConv2D)   │                   │            │                   │
├─────────────────────┼───────────────────┼────────────┼───────────────────┤
│ conv2d_4 (Conv2D)   │ (16, 37, 1, 64)   │      4,096 │ depthwise_conv2d… │
├─────────────────────┼───────────────────┼────────────┼───────────────────┤
│ batch_normalizatio… │ (16, 37, 1, 64)   │        256 │ conv2d_4[0][0]    │
│ (BatchNormalizatio… │                   │            │                   │
├─────────────────────┼───────────────────┼────────────┼───────────────────┤
│ activation_4        │ (16, 37, 1, 64)   │          0 │ batch_normalizat… │
│ (Activation)        │                   │            │                   │
├─────────────────────┼───────────────────┼────────────┼───────────────────┤
│ stream_5 (Stream)   │ (16, 37, 1, 64)   │          0 │ activation_4[0][… │
├─────────────────────┼───────────────────┼────────────┼───────────────────┤
│ flatten (Flatten)   │ (16, 2368)        │          0 │ stream_5[0][0]    │
├─────────────────────┼───────────────────┼────────────┼───────────────────┤
│ dense (Dense)       │ (16, 1)           │      2,369 │ flatten[0][0]     │
└─────────────────────┴───────────────────┴────────────┴───────────────────┘
 Total params: 27,329 (106.75 KB)
 Trainable params: 26,817 (104.75 KB)
 Non-trainable params: 512 (2.00 KB)
INFO:absl:None
INFO:absl:Step #500: rate 0.001000, accuracy 96.82%, recall 84.48%, precision 92.73%, cross entropy 0.096670
INFO:absl:Step 500 (nonstreaming): Validation: recall at no faph = 0.000 with cutoff 1.00, accuracy = 96.41%, recall = 96.41%, precision = 100.00%, ambient false positives = 2075, estimated false positives per hour = 214.57063, loss = 0.05565, auc = 0.99664, average viable recall = 0.121881641
INFO:absl:Sharding callback duration: 30 microseconds
INFO:absl:So far the best minimization quantity is 0.000 with best maximization quantity of 12.18816%; no faph cutoff is 1.00
INFO:absl:Step #1000: rate 0.001000, accuracy 98.95%, recall 95.73%, precision 97.06%, cross entropy 0.035660
INFO:absl:Step 1000 (nonstreaming): Validation: recall at no faph = 0.000 with cutoff 1.00, accuracy = 73.41%, recall = 73.41%, precision = 100.00%, ambient false positives = 44, estimated false positives per hour = 4.54993, loss = 0.26658, auc = 0.95827, average viable recall = 0.508322429
INFO:absl:Sharding callback duration: 65 microseconds
INFO:absl:So far the best minimization quantity is 0.000 with best maximization quantity of 50.83224%; no faph cutoff is 1.00
INFO:absl:Step #1500: rate 0.001000, accuracy 98.90%, recall 95.44%, precision 97.21%, cross entropy 0.036297
INFO:absl:Step 1500 (nonstreaming): Validation: recall at no faph = 0.000 with cutoff 1.00, accuracy = 89.83%, recall = 89.83%, precision = 100.00%, ambient false positives = 100, estimated false positives per hour = 10.34075, loss = 0.08803, auc = 0.98776, average viable recall = 0.766427840
INFO:absl:Sharding callback duration: 97 microseconds
INFO:absl:So far the best minimization quantity is 0.000 with best maximization quantity of 76.64278%; no faph cutoff is 1.00
INFO:absl:Step #2000: rate 0.001000, accuracy 99.49%, recall 97.70%, precision 98.79%, cross entropy 0.016299
INFO:absl:Step 2000 (nonstreaming): Validation: recall at no faph = 0.000 with cutoff 1.00, accuracy = 98.73%, recall = 98.73%, precision = 100.00%, ambient false positives = 807, estimated false positives per hour = 83.44988, loss = 0.02166, auc = 0.99850, average viable recall = 0.129582971
INFO:absl:So far the best minimization quantity is 0.000 with best maximization quantity of 76.64278%; no faph cutoff is 1.00
INFO:absl:Step #2500: rate 0.001000, accuracy 99.19%, recall 96.58%, precision 97.83%, cross entropy 0.027492
INFO:absl:Step 2500 (nonstreaming): Validation: recall at no faph = 0.000 with cutoff 1.00, accuracy = 94.87%, recall = 94.87%, precision = 100.00%, ambient false positives = 16, estimated false positives per hour = 1.65452, loss = 0.04616, auc = 0.99419, average viable recall = 0.866061939
INFO:absl:Sharding callback duration: 77 microseconds
INFO:absl:So far the best minimization quantity is 0.000 with best maximization quantity of 86.60619%; no faph cutoff is 1.00
INFO:absl:Step #3000: rate 0.001000, accuracy 99.58%, recall 98.34%, precision 98.68%, cross entropy 0.014513
INFO:absl:Step 3000 (nonstreaming): Validation: recall at no faph = 0.000 with cutoff 1.00, accuracy = 96.18%, recall = 96.18%, precision = 100.00%, ambient false positives = 124, estimated false positives per hour = 12.82253, loss = 0.03065, auc = 0.99702, average viable recall = 0.790784207
INFO:absl:So far the best minimization quantity is 0.000 with best maximization quantity of 86.60619%; no faph cutoff is 1.00
INFO:absl:Step #3500: rate 0.001000, accuracy 99.50%, recall 97.71%, precision 98.75%, cross entropy 0.016390
INFO:absl:Step 3500 (nonstreaming): Validation: recall at no faph = 0.000 with cutoff 1.00, accuracy = 98.46%, recall = 98.46%, precision = 100.00%, ambient false positives = 182, estimated false positives per hour = 18.82017, loss = 0.01532, auc = 0.99858, average viable recall = 0.646157521
INFO:absl:So far the best minimization quantity is 0.000 with best maximization quantity of 86.60619%; no faph cutoff is 1.00
INFO:absl:Step #4000: rate 0.001000, accuracy 99.44%, recall 97.67%, precision 98.70%, cross entropy 0.021826
INFO:absl:Step 4000 (nonstreaming): Validation: recall at no faph = 0.000 with cutoff 1.00, accuracy = 94.54%, recall = 94.54%, precision = 100.00%, ambient false positives = 510, estimated false positives per hour = 52.73784, loss = 0.05314, auc = 0.99313, average viable recall = 0.335565627
INFO:absl:So far the best minimization quantity is 0.000 with best maximization quantity of 86.60619%; no faph cutoff is 1.00
INFO:absl:Step #4500: rate 0.001000, accuracy 99.61%, recall 98.37%, precision 98.97%, cross entropy 0.012010
INFO:absl:Step 4500 (nonstreaming): Validation: recall at no faph = 0.000 with cutoff 1.00, accuracy = 99.27%, recall = 99.27%, precision = 100.00%, ambient false positives = 355, estimated false positives per hour = 36.70967, loss = 0.01184, auc = 0.99883, average viable recall = 0.241212726
INFO:absl:So far the best minimization quantity is 0.000 with best maximization quantity of 86.60619%; no faph cutoff is 1.00
INFO:absl:Step #5000: rate 0.001000, accuracy 99.68%, recall 98.72%, precision 98.90%, cross entropy 0.012623
INFO:absl:Step 5000 (nonstreaming): Validation: recall at no faph = 0.000 with cutoff 1.00, accuracy = 74.12%, recall = 74.12%, precision = 100.00%, ambient false positives = 49, estimated false positives per hour = 5.06697, loss = 0.27682, auc = 0.95748, average viable recall = 0.414057577
INFO:absl:So far the best minimization quantity is 0.000 with best maximization quantity of 86.60619%; no faph cutoff is 1.00
INFO:absl:Step #5500: rate 0.001000, accuracy 99.26%, recall 97.16%, precision 97.75%, cross entropy 0.023938
INFO:absl:Step 5500 (nonstreaming): Validation: recall at no faph = 0.000 with cutoff 1.00, accuracy = 97.52%, recall = 97.52%, precision = 100.00%, ambient false positives = 81, estimated false positives per hour = 8.37601, loss = 0.02258, auc = 0.99741, average viable recall = 0.776199170
INFO:absl:So far the best minimization quantity is 0.000 with best maximization quantity of 86.60619%; no faph cutoff is 1.00
INFO:absl:Step #6000: rate 0.001000, accuracy 99.61%, recall 98.69%, precision 98.60%, cross entropy 0.012356
INFO:absl:Step 6000 (nonstreaming): Validation: recall at no faph = 0.000 with cutoff 1.00, accuracy = 98.45%, recall = 98.45%, precision = 100.00%, ambient false positives = 224, estimated false positives per hour = 23.16329, loss = 0.01610, auc = 0.99843, average viable recall = 0.673038582
INFO:absl:So far the best minimization quantity is 0.000 with best maximization quantity of 86.60619%; no faph cutoff is 1.00
INFO:absl:Step #6500: rate 0.001000, accuracy 99.69%, recall 98.77%, precision 99.03%, cross entropy 0.008931
INFO:absl:Step 6500 (nonstreaming): Validation: recall at no faph = 0.000 with cutoff 1.00, accuracy = 98.51%, recall = 98.51%, precision = 100.00%, ambient false positives = 37, estimated false positives per hour = 3.82608, loss = 0.01500, auc = 0.99811, average viable recall = 0.942243697
INFO:absl:Sharding callback duration: 128 microseconds
INFO:absl:So far the best minimization quantity is 0.000 with best maximization quantity of 94.22437%; no faph cutoff is 1.00
INFO:absl:Step #7000: rate 0.001000, accuracy 99.68%, recall 98.75%, precision 99.08%, cross entropy 0.007987
INFO:absl:Step 7000 (nonstreaming): Validation: recall at no faph = 0.000 with cutoff 1.00, accuracy = 99.15%, recall = 99.15%, precision = 100.00%, ambient false positives = 533, estimated false positives per hour = 55.11622, loss = 0.01783, auc = 0.99830, average viable recall = 0.095545121
INFO:absl:So far the best minimization quantity is 0.000 with best maximization quantity of 94.22437%; no faph cutoff is 1.00
INFO:absl:Step #7500: rate 0.001000, accuracy 99.69%, recall 98.63%, precision 99.22%, cross entropy 0.012983
INFO:absl:Step 7500 (nonstreaming): Validation: recall at no faph = 0.000 with cutoff 1.00, accuracy = 96.42%, recall = 96.42%, precision = 100.00%, ambient false positives = 54, estimated false positives per hour = 5.58401, loss = 0.03092, auc = 0.99664, average viable recall = 0.848810602
INFO:absl:So far the best minimization quantity is 0.000 with best maximization quantity of 94.22437%; no faph cutoff is 1.00
INFO:absl:Step #8000: rate 0.001000, accuracy 99.72%, recall 98.81%, precision 99.31%, cross entropy 0.010001
INFO:absl:Step 8000 (nonstreaming): Validation: recall at no faph = 0.000 with cutoff 1.00, accuracy = 99.47%, recall = 99.47%, precision = 100.00%, ambient false positives = 207, estimated false positives per hour = 21.40536, loss = 0.00794, auc = 0.99927, average viable recall = 0.601533715
INFO:absl:So far the best minimization quantity is 0.000 with best maximization quantity of 94.22437%; no faph cutoff is 1.00
INFO:absl:Step #8500: rate 0.001000, accuracy 99.65%, recall 98.73%, precision 98.90%, cross entropy 0.010583
INFO:absl:Step 8500 (nonstreaming): Validation: recall at no faph = 0.000 with cutoff 1.00, accuracy = 98.13%, recall = 98.13%, precision = 100.00%, ambient false positives = 220, estimated false positives per hour = 22.74966, loss = 0.02171, auc = 0.99745, average viable recall = 0.281100750
INFO:absl:So far the best minimization quantity is 0.000 with best maximization quantity of 94.22437%; no faph cutoff is 1.00
INFO:absl:Step #9000: rate 0.001000, accuracy 99.54%, recall 98.33%, precision 98.58%, cross entropy 0.013758
INFO:absl:Step 9000 (nonstreaming): Validation: recall at no faph = 0.000 with cutoff 1.00, accuracy = 99.33%, recall = 99.33%, precision = 100.00%, ambient false positives = 403, estimated false positives per hour = 41.67324, loss = 0.01440, auc = 0.99850, average viable recall = 0.169486076
INFO:absl:So far the best minimization quantity is 0.000 with best maximization quantity of 94.22437%; no faph cutoff is 1.00
INFO:absl:Step #9500: rate 0.001000, accuracy 99.68%, recall 98.78%, precision 98.95%, cross entropy 0.013008
INFO:absl:Step 9500 (nonstreaming): Validation: recall at no faph = 0.000 with cutoff 1.00, accuracy = 98.05%, recall = 98.05%, precision = 100.00%, ambient false positives = 99, estimated false positives per hour = 10.23735, loss = 0.01715, auc = 0.99807, average viable recall = 0.791030739
INFO:absl:So far the best minimization quantity is 0.000 with best maximization quantity of 94.22437%; no faph cutoff is 1.00
INFO:absl:Step #10000: rate 0.001000, accuracy 99.71%, recall 98.88%, precision 99.14%, cross entropy 0.008927
INFO:absl:Step 10000 (nonstreaming): Validation: recall at no faph = 0.000 with cutoff 1.00, accuracy = 97.14%, recall = 97.14%, precision = 100.00%, ambient false positives = 54, estimated false positives per hour = 5.58401, loss = 0.02685, auc = 0.99636, average viable recall = 0.840716870
INFO:absl:So far the best minimization quantity is 0.000 with best maximization quantity of 94.22437%; no faph cutoff is 1.00
INFO:absl:Step #10500: rate 0.001000, accuracy 99.71%, recall 98.91%, precision 99.16%, cross entropy 0.009288
INFO:absl:Step 10500 (nonstreaming): Validation: recall at no faph = 0.000 with cutoff 1.00, accuracy = 98.24%, recall = 98.24%, precision = 100.00%, ambient false positives = 299, estimated false positives per hour = 30.91885, loss = 0.02686, auc = 0.99656, average viable recall = 0.269564629
INFO:absl:So far the best minimization quantity is 0.000 with best maximization quantity of 94.22437%; no faph cutoff is 1.00
INFO:absl:Step #11000: rate 0.001000, accuracy 99.61%, recall 98.44%, precision 98.87%, cross entropy 0.011214
INFO:absl:Step 11000 (nonstreaming): Validation: recall at no faph = 0.000 with cutoff 1.00, accuracy = 99.18%, recall = 99.18%, precision = 100.00%, ambient false positives = 167, estimated false positives per hour = 17.26906, loss = 0.01214, auc = 0.99863, average viable recall = 0.536099527
INFO:absl:So far the best minimization quantity is 0.000 with best maximization quantity of 94.22437%; no faph cutoff is 1.00
INFO:absl:Step #11500: rate 0.001000, accuracy 99.55%, recall 98.26%, precision 98.75%, cross entropy 0.016639
INFO:absl:Step 11500 (nonstreaming): Validation: recall at no faph = 0.000 with cutoff 1.00, accuracy = 99.64%, recall = 99.64%, precision = 100.00%, ambient false positives = 1029, estimated false positives per hour = 106.40636, loss = 0.01639, auc = 0.99948, average viable recall = 0.088103689
INFO:absl:So far the best minimization quantity is 0.000 with best maximization quantity of 94.22437%; no faph cutoff is 1.00
INFO:absl:Step #12000: rate 0.001000, accuracy 99.81%, recall 99.24%, precision 99.49%, cross entropy 0.008423
INFO:absl:Step 12000 (nonstreaming): Validation: recall at no faph = 0.000 with cutoff 1.00, accuracy = 98.78%, recall = 98.78%, precision = 100.00%, ambient false positives = 48, estimated false positives per hour = 4.96356, loss = 0.01269, auc = 0.99839, average viable recall = 0.922764357
INFO:absl:So far the best minimization quantity is 0.000 with best maximization quantity of 94.22437%; no faph cutoff is 1.00
INFO:absl:Step #12500: rate 0.001000, accuracy 99.93%, recall 99.76%, precision 99.76%, cross entropy 0.003023
INFO:absl:Step 12500 (nonstreaming): Validation: recall at no faph = 96.817 with cutoff 0.99, accuracy = 99.04%, recall = 99.04%, precision = 100.00%, ambient false positives = 43, estimated false positives per hour = 4.44652, loss = 0.00922, auc = 0.99863, average viable recall = 0.982888362
INFO:absl:Sharding callback duration: 151 microseconds
INFO:absl:So far the best minimization quantity is 0.000 with best maximization quantity of 98.28884%; no faph cutoff is 0.99
INFO:absl:Step #13000: rate 0.001000, accuracy 99.82%, recall 99.22%, precision 99.57%, cross entropy 0.008693
INFO:absl:Step 13000 (nonstreaming): Validation: recall at no faph = 95.047 with cutoff 0.99, accuracy = 98.83%, recall = 98.83%, precision = 100.00%, ambient false positives = 24, estimated false positives per hour = 2.48178, loss = 0.01088, auc = 0.99852, average viable recall = 0.981804802
INFO:absl:So far the best minimization quantity is 0.000 with best maximization quantity of 98.28884%; no faph cutoff is 0.99
INFO:absl:Step #13500: rate 0.001000, accuracy 99.80%, recall 99.17%, precision 99.50%, cross entropy 0.006355
INFO:absl:Step 13500 (nonstreaming): Validation: recall at no faph = 0.000 with cutoff 1.00, accuracy = 98.62%, recall = 98.62%, precision = 100.00%, ambient false positives = 338, estimated false positives per hour = 34.95175, loss = 0.01858, auc = 0.99808, average viable recall = 0.750963845
INFO:absl:So far the best minimization quantity is 0.000 with best maximization quantity of 98.28884%; no faph cutoff is 0.99
INFO:absl:Step #14000: rate 0.001000, accuracy 99.71%, recall 99.07%, precision 98.98%, cross entropy 0.008750
INFO:absl:Step 14000 (nonstreaming): Validation: recall at no faph = 0.000 with cutoff 1.00, accuracy = 98.99%, recall = 98.99%, precision = 100.00%, ambient false positives = 89, estimated false positives per hour = 9.20327, loss = 0.01128, auc = 0.99869, average viable recall = 0.897715734
INFO:absl:So far the best minimization quantity is 0.000 with best maximization quantity of 98.28884%; no faph cutoff is 0.99
INFO:absl:Step #14500: rate 0.001000, accuracy 99.56%, recall 98.26%, precision 98.84%, cross entropy 0.016581
INFO:absl:Step 14500 (nonstreaming): Validation: recall at no faph = 0.000 with cutoff 1.00, accuracy = 99.39%, recall = 99.39%, precision = 100.00%, ambient false positives = 532, estimated false positives per hour = 55.01281, loss = 0.01311, auc = 0.99911, average viable recall = 0.286663473
INFO:absl:So far the best minimization quantity is 0.000 with best maximization quantity of 98.28884%; no faph cutoff is 0.99
INFO:absl:Step #15000: rate 0.001000, accuracy 99.71%, recall 99.09%, precision 99.01%, cross entropy 0.007334
INFO:absl:Step 15000 (nonstreaming): Validation: recall at no faph = 0.000 with cutoff 1.00, accuracy = 98.84%, recall = 98.84%, precision = 100.00%, ambient false positives = 122, estimated false positives per hour = 12.61572, loss = 0.01613, auc = 0.99817, average viable recall = 0.818383860
INFO:absl:So far the best minimization quantity is 0.000 with best maximization quantity of 98.28884%; no faph cutoff is 0.99
INFO:absl:Step #15500: rate 0.001000, accuracy 99.72%, recall 98.92%, precision 99.25%, cross entropy 0.013683
INFO:absl:Step 15500 (nonstreaming): Validation: recall at no faph = 94.837 with cutoff 0.99, accuracy = 98.89%, recall = 98.89%, precision = 100.00%, ambient false positives = 53, estimated false positives per hour = 5.48060, loss = 0.01298, auc = 0.99837, average viable recall = 0.972658711
INFO:absl:So far the best minimization quantity is 0.000 with best maximization quantity of 98.28884%; no faph cutoff is 0.99
INFO:absl:Step #16000: rate 0.001000, accuracy 99.80%, recall 99.34%, precision 99.34%, cross entropy 0.008745
INFO:absl:Step 16000 (nonstreaming): Validation: recall at no faph = 0.000 with cutoff 1.00, accuracy = 99.47%, recall = 99.47%, precision = 100.00%, ambient false positives = 159, estimated false positives per hour = 16.44180, loss = 0.00717, auc = 0.99930, average viable recall = 0.651603694
INFO:absl:So far the best minimization quantity is 0.000 with best maximization quantity of 98.28884%; no faph cutoff is 0.99
INFO:absl:Step #16500: rate 0.001000, accuracy 99.94%, recall 99.68%, precision 99.92%, cross entropy 0.002696
INFO:absl:Step 16500 (nonstreaming): Validation: recall at no faph = 0.000 with cutoff 1.00, accuracy = 99.51%, recall = 99.51%, precision = 100.00%, ambient false positives = 296, estimated false positives per hour = 30.60863, loss = 0.00802, auc = 0.99938, average viable recall = 0.432201385
INFO:absl:So far the best minimization quantity is 0.000 with best maximization quantity of 98.28884%; no faph cutoff is 0.99
INFO:absl:Step #17000: rate 0.001000, accuracy 99.84%, recall 99.42%, precision 99.50%, cross entropy 0.008852
INFO:absl:Step 17000 (nonstreaming): Validation: recall at no faph = 0.000 with cutoff 1.00, accuracy = 96.51%, recall = 96.51%, precision = 100.00%, ambient false positives = 22, estimated false positives per hour = 2.27497, loss = 0.03159, auc = 0.99646, average viable recall = 0.910842606
INFO:absl:So far the best minimization quantity is 0.000 with best maximization quantity of 98.28884%; no faph cutoff is 0.99
INFO:absl:Step #17500: rate 0.001000, accuracy 99.80%, recall 99.26%, precision 99.42%, cross entropy 0.007349
INFO:absl:Step 17500 (nonstreaming): Validation: recall at no faph = 0.000 with cutoff 1.00, accuracy = 99.01%, recall = 99.01%, precision = 100.00%, ambient false positives = 125, estimated false positives per hour = 12.92594, loss = 0.00954, auc = 0.99909, average viable recall = 0.816023889
INFO:absl:So far the best minimization quantity is 0.000 with best maximization quantity of 98.28884%; no faph cutoff is 0.99
INFO:absl:Step #18000: rate 0.001000, accuracy 99.71%, recall 98.90%, precision 99.15%, cross entropy 0.006791
INFO:absl:Step 18000 (nonstreaming): Validation: recall at no faph = 0.000 with cutoff 1.00, accuracy = 98.38%, recall = 98.38%, precision = 100.00%, ambient false positives = 59, estimated false positives per hour = 6.10104, loss = 0.01840, auc = 0.99787, average viable recall = 0.890952490
INFO:absl:So far the best minimization quantity is 0.000 with best maximization quantity of 98.28884%; no faph cutoff is 0.99
INFO:absl:Step #18500: rate 0.001000, accuracy 99.82%, recall 99.21%, precision 99.56%, cross entropy 0.008498
INFO:absl:Step 18500 (nonstreaming): Validation: recall at no faph = 0.000 with cutoff 1.00, accuracy = 99.18%, recall = 99.18%, precision = 100.00%, ambient false positives = 82, estimated false positives per hour = 8.47942, loss = 0.00869, auc = 0.99904, average viable recall = 0.952426878
INFO:absl:So far the best minimization quantity is 0.000 with best maximization quantity of 98.28884%; no faph cutoff is 0.99
INFO:absl:Step #19000: rate 0.001000, accuracy 99.90%, recall 99.67%, precision 99.67%, cross entropy 0.002923
INFO:absl:Step 19000 (nonstreaming): Validation: recall at no faph = 93.707 with cutoff 0.73, accuracy = 95.32%, recall = 95.32%, precision = 100.00%, ambient false positives = 2, estimated false positives per hour = 0.20682, loss = 0.04292, auc = 0.99483, average viable recall = 0.976583487
INFO:absl:So far the best minimization quantity is 0.000 with best maximization quantity of 98.28884%; no faph cutoff is 0.99
INFO:absl:Step #19500: rate 0.001000, accuracy 99.76%, recall 98.77%, precision 99.56%, cross entropy 0.007167
INFO:absl:Step 19500 (nonstreaming): Validation: recall at no faph = 88.200 with cutoff 0.99, accuracy = 98.30%, recall = 98.30%, precision = 100.00%, ambient false positives = 43, estimated false positives per hour = 4.44652, loss = 0.01336, auc = 0.99895, average viable recall = 0.946988177
INFO:absl:So far the best minimization quantity is 0.000 with best maximization quantity of 98.28884%; no faph cutoff is 0.99
INFO:absl:Step #20000: rate 0.001000, accuracy 99.89%, recall 99.49%, precision 99.74%, cross entropy 0.004599
INFO:absl:Step 20000 (nonstreaming): Validation: recall at no faph = 95.577 with cutoff 0.96, accuracy = 98.43%, recall = 98.43%, precision = 100.00%, ambient false positives = 15, estimated false positives per hour = 1.55111, loss = 0.01555, auc = 0.99815, average viable recall = 0.974833638
INFO:absl:So far the best minimization quantity is 0.000 with best maximization quantity of 98.28884%; no faph cutoff is 0.99
INFO:absl:Step #20500: rate 0.001000, accuracy 99.76%, recall 99.12%, precision 99.36%, cross entropy 0.007785
INFO:absl:Step 20500 (nonstreaming): Validation: recall at no faph = 91.944 with cutoff 0.87, accuracy = 95.09%, recall = 95.09%, precision = 100.00%, ambient false positives = 1, estimated false positives per hour = 0.10341, loss = 0.04345, auc = 0.99431, average viable recall = 0.969941383
INFO:absl:So far the best minimization quantity is 0.000 with best maximization quantity of 98.28884%; no faph cutoff is 0.99
INFO:absl:Step #21000: rate 0.001000, accuracy 99.75%, recall 99.00%, precision 99.33%, cross entropy 0.008873
INFO:absl:Step 21000 (nonstreaming): Validation: recall at no faph = 0.000 with cutoff 1.00, accuracy = 99.37%, recall = 99.37%, precision = 100.00%, ambient false positives = 131, estimated false positives per hour = 13.54639, loss = 0.00659, auc = 0.99953, average viable recall = 0.698879282
INFO:absl:So far the best minimization quantity is 0.000 with best maximization quantity of 98.28884%; no faph cutoff is 0.99
INFO:absl:Step #21500: rate 0.001000, accuracy 99.85%, recall 99.39%, precision 99.57%, cross entropy 0.003473
INFO:absl:Step 21500 (nonstreaming): Validation: recall at no faph = 0.000 with cutoff 1.00, accuracy = 99.28%, recall = 99.28%, precision = 100.00%, ambient false positives = 46, estimated false positives per hour = 4.75675, loss = 0.00827, auc = 0.99898, average viable recall = 0.878234718
INFO:absl:So far the best minimization quantity is 0.000 with best maximization quantity of 98.28884%; no faph cutoff is 0.99
INFO:absl:Step #22000: rate 0.001000, accuracy 99.82%, recall 99.34%, precision 99.50%, cross entropy 0.006943
INFO:absl:Step 22000 (nonstreaming): Validation: recall at no faph = 0.000 with cutoff 1.00, accuracy = 99.60%, recall = 99.60%, precision = 100.00%, ambient false positives = 163, estimated false positives per hour = 16.85543, loss = 0.00584, auc = 0.99936, average viable recall = 0.835560336
INFO:absl:So far the best minimization quantity is 0.000 with best maximization quantity of 98.28884%; no faph cutoff is 0.99
INFO:absl:Step #22500: rate 0.001000, accuracy 99.85%, recall 99.31%, precision 99.66%, cross entropy 0.005201
INFO:absl:Step 22500 (nonstreaming): Validation: recall at no faph = 0.000 with cutoff 1.00, accuracy = 99.54%, recall = 99.54%, precision = 100.00%, ambient false positives = 179, estimated false positives per hour = 18.50995, loss = 0.00585, auc = 0.99959, average viable recall = 0.800102195
INFO:absl:So far the best minimization quantity is 0.000 with best maximization quantity of 98.28884%; no faph cutoff is 0.99
INFO:absl:Step #23000: rate 0.001000, accuracy 99.82%, recall 99.48%, precision 99.31%, cross entropy 0.005848
INFO:absl:Step 23000 (nonstreaming): Validation: recall at no faph = 88.130 with cutoff 0.97, accuracy = 96.52%, recall = 96.52%, precision = 100.00%, ambient false positives = 17, estimated false positives per hour = 1.75793, loss = 0.02767, auc = 0.99736, average viable recall = 0.949087122
INFO:absl:So far the best minimization quantity is 0.000 with best maximization quantity of 98.28884%; no faph cutoff is 0.99
INFO:absl:Step #23500: rate 0.001000, accuracy 99.85%, recall 99.32%, precision 99.66%, cross entropy 0.005040
INFO:absl:Step 23500 (nonstreaming): Validation: recall at no faph = 0.000 with cutoff 1.00, accuracy = 98.27%, recall = 98.27%, precision = 100.00%, ambient false positives = 11, estimated false positives per hour = 1.13748, loss = 0.01745, auc = 0.99793, average viable recall = 0.953599756
INFO:absl:So far the best minimization quantity is 0.000 with best maximization quantity of 98.28884%; no faph cutoff is 0.99
INFO:absl:Step #24000: rate 0.001000, accuracy 99.82%, recall 99.49%, precision 99.33%, cross entropy 0.007407
INFO:absl:Step 24000 (nonstreaming): Validation: recall at no faph = 89.420 with cutoff 0.89, accuracy = 94.35%, recall = 94.35%, precision = 100.00%, ambient false positives = 3, estimated false positives per hour = 0.31022, loss = 0.05499, auc = 0.99296, average viable recall = 0.949900354
INFO:absl:So far the best minimization quantity is 0.000 with best maximization quantity of 98.28884%; no faph cutoff is 0.99
INFO:absl:Step #24500: rate 0.001000, accuracy 99.89%, recall 99.42%, precision 99.83%, cross entropy 0.004176
INFO:absl:Step 24500 (nonstreaming): Validation: recall at no faph = 96.563 with cutoff 0.99, accuracy = 99.27%, recall = 99.27%, precision = 100.00%, ambient false positives = 45, estimated false positives per hour = 4.65334, loss = 0.00768, auc = 0.99898, average viable recall = 0.983202486
INFO:absl:Sharding callback duration: 128 microseconds
INFO:absl:So far the best minimization quantity is 0.000 with best maximization quantity of 98.32025%; no faph cutoff is 0.99
INFO:absl:Step #25000: rate 0.001000, accuracy 99.82%, recall 99.27%, precision 99.59%, cross entropy 0.008028
INFO:absl:Step 25000 (nonstreaming): Validation: recall at no faph = 64.213 with cutoff 0.99, accuracy = 87.44%, recall = 87.44%, precision = 100.00%, ambient false positives = 32, estimated false positives per hour = 3.30904, loss = 0.11664, auc = 0.98409, average viable recall = 0.825570957
INFO:absl:So far the best minimization quantity is 0.000 with best maximization quantity of 98.32025%; no faph cutoff is 0.99
INFO:absl:Step #25500: rate 0.001000, accuracy 99.85%, recall 99.41%, precision 99.58%, cross entropy 0.005352
INFO:absl:Step 25500 (nonstreaming): Validation: recall at no faph = 0.000 with cutoff 1.00, accuracy = 98.90%, recall = 98.90%, precision = 100.00%, ambient false positives = 52, estimated false positives per hour = 5.37719, loss = 0.00998, auc = 0.99906, average viable recall = 0.871640767
INFO:absl:So far the best minimization quantity is 0.000 with best maximization quantity of 98.32025%; no faph cutoff is 0.99
INFO:absl:Step #26000: rate 0.001000, accuracy 99.90%, recall 99.67%, precision 99.67%, cross entropy 0.003141
INFO:absl:Step 26000 (nonstreaming): Validation: recall at no faph = 95.333 with cutoff 0.99, accuracy = 99.14%, recall = 99.14%, precision = 100.00%, ambient false positives = 76, estimated false positives per hour = 7.85897, loss = 0.00975, auc = 0.99886, average viable recall = 0.975901097
INFO:absl:So far the best minimization quantity is 0.000 with best maximization quantity of 98.32025%; no faph cutoff is 0.99
INFO:absl:Step #26500: rate 0.001000, accuracy 99.86%, recall 99.24%, precision 99.83%, cross entropy 0.006172
INFO:absl:Step 26500 (nonstreaming): Validation: recall at no faph = 90.010 with cutoff 0.99, accuracy = 97.52%, recall = 97.52%, precision = 100.00%, ambient false positives = 45, estimated false positives per hour = 4.65334, loss = 0.02126, auc = 0.99754, average viable recall = 0.951821272
INFO:absl:So far the best minimization quantity is 0.000 with best maximization quantity of 98.32025%; no faph cutoff is 0.99
INFO:absl:Step #27000: rate 0.001000, accuracy 99.78%, recall 99.16%, precision 99.32%, cross entropy 0.007425
INFO:absl:Step 27000 (nonstreaming): Validation: recall at no faph = 0.000 with cutoff 1.00, accuracy = 99.71%, recall = 99.71%, precision = 100.00%, ambient false positives = 155, estimated false positives per hour = 16.02817, loss = 0.00463, auc = 0.99971, average viable recall = 0.680300764
INFO:absl:So far the best minimization quantity is 0.000 with best maximization quantity of 98.32025%; no faph cutoff is 0.99
INFO:absl:Step #27500: rate 0.001000, accuracy 99.93%, recall 99.83%, precision 99.67%, cross entropy 0.001681
INFO:absl:Step 27500 (nonstreaming): Validation: recall at no faph = 0.000 with cutoff 1.00, accuracy = 98.44%, recall = 98.44%, precision = 100.00%, ambient false positives = 69, estimated false positives per hour = 7.13512, loss = 0.01491, auc = 0.99798, average viable recall = 0.917290709
INFO:absl:So far the best minimization quantity is 0.000 with best maximization quantity of 98.32025%; no faph cutoff is 0.99
INFO:absl:Step #28000: rate 0.001000, accuracy 99.82%, recall 99.33%, precision 99.50%, cross entropy 0.006338
INFO:absl:Step 28000 (nonstreaming): Validation: recall at no faph = 93.243 with cutoff 0.99, accuracy = 98.48%, recall = 98.48%, precision = 100.00%, ambient false positives = 25, estimated false positives per hour = 2.58519, loss = 0.01582, auc = 0.99812, average viable recall = 0.968613945
INFO:absl:So far the best minimization quantity is 0.000 with best maximization quantity of 98.32025%; no faph cutoff is 0.99
INFO:absl:Step #28500: rate 0.001000, accuracy 99.95%, recall 99.65%, precision 100.00%, cross entropy 0.002392
INFO:absl:Step 28500 (nonstreaming): Validation: recall at no faph = 89.118 with cutoff 0.99, accuracy = 97.18%, recall = 97.18%, precision = 100.00%, ambient false positives = 14, estimated false positives per hour = 1.44771, loss = 0.02645, auc = 0.99647, average viable recall = 0.961653573
INFO:absl:So far the best minimization quantity is 0.000 with best maximization quantity of 98.32025%; no faph cutoff is 0.99
INFO:absl:Step #29000: rate 0.001000, accuracy 99.84%, recall 99.32%, precision 99.58%, cross entropy 0.004094
INFO:absl:Step 29000 (nonstreaming): Validation: recall at no faph = 0.000 with cutoff 1.00, accuracy = 99.82%, recall = 99.82%, precision = 100.00%, ambient false positives = 1110, estimated false positives per hour = 114.78236, loss = 0.01566, auc = 0.99962, average viable recall = 0.096155576
INFO:absl:So far the best minimization quantity is 0.000 with best maximization quantity of 98.32025%; no faph cutoff is 0.99
INFO:absl:Step #29500: rate 0.001000, accuracy 99.84%, recall 99.41%, precision 99.49%, cross entropy 0.006798
INFO:absl:Step 29500 (nonstreaming): Validation: recall at no faph = 0.000 with cutoff 1.00, accuracy = 99.38%, recall = 99.38%, precision = 100.00%, ambient false positives = 112, estimated false positives per hour = 11.58164, loss = 0.00723, auc = 0.99921, average viable recall = 0.853354120
INFO:absl:So far the best minimization quantity is 0.000 with best maximization quantity of 98.32025%; no faph cutoff is 0.99
INFO:absl:Step #30000: rate 0.001000, accuracy 99.93%, recall 99.75%, precision 99.75%, cross entropy 0.004504
INFO:absl:Step 30000 (nonstreaming): Validation: recall at no faph = 0.000 with cutoff 1.00, accuracy = 99.16%, recall = 99.16%, precision = 100.00%, ambient false positives = 32, estimated false positives per hour = 3.30904, loss = 0.00816, auc = 0.99902, average viable recall = 0.957894366
INFO:absl:So far the best minimization quantity is 0.000 with best maximization quantity of 98.32025%; no faph cutoff is 0.99
INFO:absl:Step #30500: rate 0.001000, accuracy 99.82%, recall 99.27%, precision 99.60%, cross entropy 0.004479
INFO:absl:Step 30500 (nonstreaming): Validation: recall at no faph = 0.000 with cutoff 1.00, accuracy = 99.30%, recall = 99.30%, precision = 100.00%, ambient false positives = 338, estimated false positives per hour = 34.95175, loss = 0.01258, auc = 0.99891, average viable recall = 0.265127957
INFO:absl:So far the best minimization quantity is 0.000 with best maximization quantity of 98.32025%; no faph cutoff is 0.99
INFO:absl:Step #31000: rate 0.001000, accuracy 99.90%, recall 99.75%, precision 99.58%, cross entropy 0.003496
INFO:absl:Step 31000 (nonstreaming): Validation: recall at no faph = 95.979 with cutoff 0.99, accuracy = 99.11%, recall = 99.11%, precision = 100.00%, ambient false positives = 32, estimated false positives per hour = 3.30904, loss = 0.01005, auc = 0.99866, average viable recall = 0.984009362
INFO:absl:Sharding callback duration: 120 microseconds
INFO:absl:So far the best minimization quantity is 0.000 with best maximization quantity of 98.40094%; no faph cutoff is 0.99
INFO:absl:Step #31500: rate 0.001000, accuracy 99.86%, recall 99.42%, precision 99.67%, cross entropy 0.003888
INFO:absl:Step 31500 (nonstreaming): Validation: recall at no faph = 0.000 with cutoff 1.00, accuracy = 99.52%, recall = 99.52%, precision = 100.00%, ambient false positives = 161, estimated false positives per hour = 16.64861, loss = 0.00670, auc = 0.99936, average viable recall = 0.905955045
INFO:absl:So far the best minimization quantity is 0.000 with best maximization quantity of 98.40094%; no faph cutoff is 0.99
INFO:absl:Step #32000: rate 0.001000, accuracy 99.78%, recall 99.06%, precision 99.40%, cross entropy 0.010045
INFO:absl:Step 32000 (nonstreaming): Validation: recall at no faph = 0.000 with cutoff 1.00, accuracy = 99.44%, recall = 99.44%, precision = 100.00%, ambient false positives = 123, estimated false positives per hour = 12.71913, loss = 0.00666, auc = 0.99928, average viable recall = 0.933398756
INFO:absl:So far the best minimization quantity is 0.000 with best maximization quantity of 98.40094%; no faph cutoff is 0.99
INFO:absl:Step #32500: rate 0.001000, accuracy 99.93%, recall 99.74%, precision 99.74%, cross entropy 0.002853
INFO:absl:Step 32500 (nonstreaming): Validation: recall at no faph = 0.000 with cutoff 1.00, accuracy = 99.29%, recall = 99.29%, precision = 100.00%, ambient false positives = 33, estimated false positives per hour = 3.41245, loss = 0.00658, auc = 0.99923, average viable recall = 0.959388140
INFO:absl:So far the best minimization quantity is 0.000 with best maximization quantity of 98.40094%; no faph cutoff is 0.99
INFO:absl:Step #33000: rate 0.001000, accuracy 99.84%, recall 99.30%, precision 99.56%, cross entropy 0.006614
INFO:absl:Step 33000 (nonstreaming): Validation: recall at no faph = 93.933 with cutoff 0.99, accuracy = 98.88%, recall = 98.88%, precision = 100.00%, ambient false positives = 13, estimated false positives per hour = 1.34430, loss = 0.01007, auc = 0.99872, average viable recall = 0.983237859
INFO:absl:So far the best minimization quantity is 0.000 with best maximization quantity of 98.40094%; no faph cutoff is 0.99
INFO:absl:Step #33500: rate 0.001000, accuracy 99.85%, recall 99.40%, precision 99.57%, cross entropy 0.005471
INFO:absl:Step 33500 (nonstreaming): Validation: recall at no faph = 0.000 with cutoff 1.00, accuracy = 99.47%, recall = 99.47%, precision = 100.00%, ambient false positives = 60, estimated false positives per hour = 6.20445, loss = 0.00593, auc = 0.99924, average viable recall = 0.963322858
INFO:absl:So far the best minimization quantity is 0.000 with best maximization quantity of 98.40094%; no faph cutoff is 0.99
INFO:absl:Step #34000: rate 0.001000, accuracy 99.89%, recall 99.49%, precision 99.75%, cross entropy 0.004661
INFO:absl:Step 34000 (nonstreaming): Validation: recall at no faph = 0.000 with cutoff 1.00, accuracy = 98.72%, recall = 98.72%, precision = 100.00%, ambient false positives = 36, estimated false positives per hour = 3.72267, loss = 0.01102, auc = 0.99884, average viable recall = 0.923117882
INFO:absl:So far the best minimization quantity is 0.000 with best maximization quantity of 98.40094%; no faph cutoff is 0.99
INFO:absl:Step #34500: rate 0.001000, accuracy 99.89%, recall 99.57%, precision 99.65%, cross entropy 0.004555
INFO:absl:Step 34500 (nonstreaming): Validation: recall at no faph = 0.000 with cutoff 1.00, accuracy = 99.25%, recall = 99.25%, precision = 100.00%, ambient false positives = 25, estimated false positives per hour = 2.58519, loss = 0.00784, auc = 0.99893, average viable recall = 0.960931571
INFO:absl:So far the best minimization quantity is 0.000 with best maximization quantity of 98.40094%; no faph cutoff is 0.99
INFO:absl:Step #35000: rate 0.001000, accuracy 99.88%, recall 99.56%, precision 99.56%, cross entropy 0.004090
INFO:absl:Step 35000 (nonstreaming): Validation: recall at no faph = 0.000 with cutoff 1.00, accuracy = 99.50%, recall = 99.50%, precision = 100.00%, ambient false positives = 44, estimated false positives per hour = 4.54993, loss = 0.00590, auc = 0.99912, average viable recall = 0.885295477
INFO:absl:So far the best minimization quantity is 0.000 with best maximization quantity of 98.40094%; no faph cutoff is 0.99
INFO:absl:Step #35500: rate 0.001000, accuracy 99.79%, recall 99.18%, precision 99.42%, cross entropy 0.006417
INFO:absl:Step 35500 (nonstreaming): Validation: recall at no faph = 96.099 with cutoff 0.99, accuracy = 99.30%, recall = 99.30%, precision = 100.00%, ambient false positives = 84, estimated false positives per hour = 8.68623, loss = 0.00710, auc = 0.99910, average viable recall = 0.982823096
INFO:absl:So far the best minimization quantity is 0.000 with best maximization quantity of 98.40094%; no faph cutoff is 0.99
INFO:absl:Step #36000: rate 0.001000, accuracy 99.91%, recall 99.59%, precision 99.84%, cross entropy 0.003081
INFO:absl:Step 36000 (nonstreaming): Validation: recall at no faph = 0.000 with cutoff 1.00, accuracy = 99.74%, recall = 99.74%, precision = 100.00%, ambient false positives = 237, estimated false positives per hour = 24.50759, loss = 0.00524, auc = 0.99964, average viable recall = 0.786855974
INFO:absl:So far the best minimization quantity is 0.000 with best maximization quantity of 98.40094%; no faph cutoff is 0.99
INFO:absl:Step #36500: rate 0.001000, accuracy 99.91%, recall 99.64%, precision 99.73%, cross entropy 0.004964
INFO:absl:Step 36500 (nonstreaming): Validation: recall at no faph = 98.542 with cutoff 0.86, accuracy = 99.22%, recall = 99.22%, precision = 100.00%, ambient false positives = 15, estimated false positives per hour = 1.55111, loss = 0.00759, auc = 0.99903, average viable recall = 0.990992621
INFO:absl:Sharding callback duration: 131 microseconds
INFO:absl:So far the best minimization quantity is 0.000 with best maximization quantity of 99.09926%; no faph cutoff is 0.86
INFO:absl:Step #37000: rate 0.001000, accuracy 99.88%, recall 99.38%, precision 99.73%, cross entropy 0.005387
INFO:absl:Step 37000 (nonstreaming): Validation: recall at no faph = 0.000 with cutoff 1.00, accuracy = 99.71%, recall = 99.71%, precision = 100.00%, ambient false positives = 673, estimated false positives per hour = 69.59327, loss = 0.01053, auc = 0.99979, average viable recall = 0.364927918
INFO:absl:So far the best minimization quantity is 0.000 with best maximization quantity of 99.09926%; no faph cutoff is 0.86
INFO:absl:Step #37500: rate 0.001000, accuracy 99.86%, recall 99.57%, precision 99.48%, cross entropy 0.004731
INFO:absl:Step 37500 (nonstreaming): Validation: recall at no faph = 97.722 with cutoff 0.93, accuracy = 99.06%, recall = 99.06%, precision = 100.00%, ambient false positives = 13, estimated false positives per hour = 1.34430, loss = 0.00873, auc = 0.99889, average viable recall = 0.988224114
INFO:absl:So far the best minimization quantity is 0.000 with best maximization quantity of 99.09926%; no faph cutoff is 0.86
INFO:absl:Step #38000: rate 0.001000, accuracy 99.88%, recall 99.42%, precision 99.75%, cross entropy 0.002712
INFO:absl:Step 38000 (nonstreaming): Validation: recall at no faph = 0.000 with cutoff 1.00, accuracy = 99.44%, recall = 99.44%, precision = 100.00%, ambient false positives = 166, estimated false positives per hour = 17.16565, loss = 0.00672, auc = 0.99948, average viable recall = 0.622201468
INFO:absl:So far the best minimization quantity is 0.000 with best maximization quantity of 99.09926%; no faph cutoff is 0.86
INFO:absl:Step #38500: rate 0.001000, accuracy 99.97%, recall 99.91%, precision 99.91%, cross entropy 0.001070
INFO:absl:Step 38500 (nonstreaming): Validation: recall at no faph = 97.808 with cutoff 0.99, accuracy = 99.32%, recall = 99.32%, precision = 100.00%, ambient false positives = 33, estimated false positives per hour = 3.41245, loss = 0.00590, auc = 0.99928, average viable recall = 0.987561724
INFO:absl:So far the best minimization quantity is 0.000 with best maximization quantity of 99.09926%; no faph cutoff is 0.86
INFO:absl:Step #39000: rate 0.001000, accuracy 99.82%, recall 99.32%, precision 99.49%, cross entropy 0.005181
INFO:absl:Step 39000 (nonstreaming): Validation: recall at no faph = 0.000 with cutoff 1.00, accuracy = 98.67%, recall = 98.67%, precision = 100.00%, ambient false positives = 32, estimated false positives per hour = 3.30904, loss = 0.01355, auc = 0.99808, average viable recall = 0.924277410
INFO:absl:So far the best minimization quantity is 0.000 with best maximization quantity of 99.09926%; no faph cutoff is 0.86
INFO:absl:Step #39500: rate 0.001000, accuracy 99.90%, recall 99.57%, precision 99.74%, cross entropy 0.005694
INFO:absl:Step 39500 (nonstreaming): Validation: recall at no faph = 0.000 with cutoff 1.00, accuracy = 99.78%, recall = 99.78%, precision = 100.00%, ambient false positives = 528, estimated false positives per hour = 54.59918, loss = 0.00888, auc = 0.99974, average viable recall = 0.183999777
INFO:absl:So far the best minimization quantity is 0.000 with best maximization quantity of 99.09926%; no faph cutoff is 0.86
INFO:absl:Step #40000: rate 0.001000, accuracy 99.80%, recall 99.24%, precision 99.41%, cross entropy 0.007909
INFO:absl:Step 40000 (nonstreaming): Validation: recall at no faph = 0.000 with cutoff 1.00, accuracy = 99.55%, recall = 99.55%, precision = 100.00%, ambient false positives = 94, estimated false positives per hour = 9.72031, loss = 0.00509, auc = 0.99966, average viable recall = 0.933290454
INFO:absl:So far the best minimization quantity is 0.000 with best maximization quantity of 99.09926%; no faph cutoff is 0.86
INFO:absl:Sharding callback duration: 254 microseconds
WARNING:absl:ring_buffer_size_in_time_dim overwritten by the passed-in value: 4
WARNING:absl:ring_buffer_size_in_time_dim overwritten by the passed-in value: 10
WARNING:absl:ring_buffer_size_in_time_dim overwritten by the passed-in value: 14
WARNING:absl:ring_buffer_size_in_time_dim overwritten by the passed-in value: 22
WARNING:absl:ring_buffer_size_in_time_dim overwritten by the passed-in value: 36
Model: "functional_1"
┏━━━━━━━━━━━━━━━━━━━━━┳━━━━━━━━━━━━━━━━━━━┳━━━━━━━━━━━━┳━━━━━━━━━━━━━━━━━━━┓
┃ Layer (type)        ┃ Output Shape      ┃    Param # ┃ Connected to      ┃
┡━━━━━━━━━━━━━━━━━━━━━╇━━━━━━━━━━━━━━━━━━━╇━━━━━━━━━━━━╇━━━━━━━━━━━━━━━━━━━┩
│ input_layer_1       │ (1, 178, 40)      │          0 │ -                 │
│ (InputLayer)        │                   │            │                   │
├─────────────────────┼───────────────────┼────────────┼───────────────────┤
│ expand_dims_1       │ (1, 178, 1, 40)   │          0 │ input_layer_1[0]… │
│ (ExpandDims)        │                   │            │                   │
├─────────────────────┼───────────────────┼────────────┼───────────────────┤
│ stream_6 (Stream)   │ (1, 87, 1, 32)    │      6,400 │ expand_dims_1[0]… │
├─────────────────────┼───────────────────┼────────────┼───────────────────┤
│ activation_5        │ (1, 87, 1, 32)    │          0 │ stream_6[0][0]    │
│ (Activation)        │                   │            │                   │
├─────────────────────┼───────────────────┼────────────┼───────────────────┤
│ stream_7 (Stream)   │ (1, 87, 1, 32)    │          0 │ activation_5[0][… │
├─────────────────────┼───────────────────┼────────────┼───────────────────┤
│ depthwise_conv2d_6  │ (1, 83, 1, 32)    │        192 │ stream_7[0][0]    │
│ (DepthwiseConv2D)   │                   │            │                   │
├─────────────────────┼───────────────────┼────────────┼───────────────────┤
│ conv2d_6 (Conv2D)   │ (1, 83, 1, 64)    │      2,048 │ depthwise_conv2d… │
├─────────────────────┼───────────────────┼────────────┼───────────────────┤
│ batch_normalizatio… │ (1, 83, 1, 64)    │        256 │ conv2d_6[0][0]    │
│ (BatchNormalizatio… │                   │            │                   │
├─────────────────────┼───────────────────┼────────────┼───────────────────┤
│ activation_6        │ (1, 83, 1, 64)    │          0 │ batch_normalizat… │
│ (Activation)        │                   │            │                   │
├─────────────────────┼───────────────────┼────────────┼───────────────────┤
│ stream_8 (Stream)   │ (1, 83, 1, 64)    │          0 │ activation_6[0][… │
├─────────────────────┼───────────────────┼────────────┼───────────────────┤
│ channel_split_2     │ [(1, 83, 1, 32),  │          0 │ stream_8[0][0]    │
│ (ChannelSplit)      │ (1, 83, 1, 32)]   │            │                   │
├─────────────────────┼───────────────────┼────────────┼───────────────────┤
│ strided_keep_4      │ (1, 83, 1, 32)    │          0 │ channel_split_2[… │
│ (StridedKeep)       │                   │            │                   │
├─────────────────────┼───────────────────┼────────────┼───────────────────┤
│ strided_keep_5      │ (1, 83, 1, 32)    │          0 │ channel_split_2[… │
│ (StridedKeep)       │                   │            │                   │
├─────────────────────┼───────────────────┼────────────┼───────────────────┤
│ depthwise_conv2d_7  │ (1, 77, 1, 32)    │        256 │ strided_keep_4[0… │
│ (DepthwiseConv2D)   │                   │            │                   │
├─────────────────────┼───────────────────┼────────────┼───────────────────┤
│ depthwise_conv2d_8  │ (1, 73, 1, 32)    │        384 │ strided_keep_5[0… │
│ (DepthwiseConv2D)   │                   │            │                   │
├─────────────────────┼───────────────────┼────────────┼───────────────────┤
│ strided_drop_4      │ (1, 73, 1, 32)    │          0 │ depthwise_conv2d… │
│ (StridedDrop)       │                   │            │                   │
├─────────────────────┼───────────────────┼────────────┼───────────────────┤
│ strided_drop_5      │ (1, 73, 1, 32)    │          0 │ depthwise_conv2d… │
│ (StridedDrop)       │                   │            │                   │
├─────────────────────┼───────────────────┼────────────┼───────────────────┤
│ concatenate_2       │ (1, 73, 1, 64)    │          0 │ strided_drop_4[0… │
│ (Concatenate)       │                   │            │ strided_drop_5[0… │
├─────────────────────┼───────────────────┼────────────┼───────────────────┤
│ conv2d_7 (Conv2D)   │ (1, 73, 1, 64)    │      4,096 │ concatenate_2[0]… │
├─────────────────────┼───────────────────┼────────────┼───────────────────┤
│ batch_normalizatio… │ (1, 73, 1, 64)    │        256 │ conv2d_7[0][0]    │
│ (BatchNormalizatio… │                   │            │                   │
├─────────────────────┼───────────────────┼────────────┼───────────────────┤
│ activation_7        │ (1, 73, 1, 64)    │          0 │ batch_normalizat… │
│ (Activation)        │                   │            │                   │
├─────────────────────┼───────────────────┼────────────┼───────────────────┤
│ stream_9 (Stream)   │ (1, 73, 1, 64)    │          0 │ activation_7[0][… │
├─────────────────────┼───────────────────┼────────────┼───────────────────┤
│ channel_split_3     │ [(1, 73, 1, 32),  │          0 │ stream_9[0][0]    │
│ (ChannelSplit)      │ (1, 73, 1, 32)]   │            │                   │
├─────────────────────┼───────────────────┼────────────┼───────────────────┤
│ strided_keep_6      │ (1, 73, 1, 32)    │          0 │ channel_split_3[… │
│ (StridedKeep)       │                   │            │                   │
├─────────────────────┼───────────────────┼────────────┼───────────────────┤
│ strided_keep_7      │ (1, 73, 1, 32)    │          0 │ channel_split_3[… │
│ (StridedKeep)       │                   │            │                   │
├─────────────────────┼───────────────────┼────────────┼───────────────────┤
│ depthwise_conv2d_9  │ (1, 65, 1, 32)    │        320 │ strided_keep_6[0… │
│ (DepthwiseConv2D)   │                   │            │                   │
├─────────────────────┼───────────────────┼────────────┼───────────────────┤
│ depthwise_conv2d_10 │ (1, 59, 1, 32)    │        512 │ strided_keep_7[0… │
│ (DepthwiseConv2D)   │                   │            │                   │
├─────────────────────┼───────────────────┼────────────┼───────────────────┤
│ strided_drop_6      │ (1, 59, 1, 32)    │          0 │ depthwise_conv2d… │
│ (StridedDrop)       │                   │            │                   │
├─────────────────────┼───────────────────┼────────────┼───────────────────┤
│ strided_drop_7      │ (1, 59, 1, 32)    │          0 │ depthwise_conv2d… │
│ (StridedDrop)       │                   │            │                   │
├─────────────────────┼───────────────────┼────────────┼───────────────────┤
│ concatenate_3       │ (1, 59, 1, 64)    │          0 │ strided_drop_6[0… │
│ (Concatenate)       │                   │            │ strided_drop_7[0… │
├─────────────────────┼───────────────────┼────────────┼───────────────────┤
│ conv2d_8 (Conv2D)   │ (1, 59, 1, 64)    │      4,096 │ concatenate_3[0]… │
├─────────────────────┼───────────────────┼────────────┼───────────────────┤
│ batch_normalizatio… │ (1, 59, 1, 64)    │        256 │ conv2d_8[0][0]    │
│ (BatchNormalizatio… │                   │            │                   │
├─────────────────────┼───────────────────┼────────────┼───────────────────┤
│ activation_8        │ (1, 59, 1, 64)    │          0 │ batch_normalizat… │
│ (Activation)        │                   │            │                   │
├─────────────────────┼───────────────────┼────────────┼───────────────────┤
│ stream_10 (Stream)  │ (1, 59, 1, 64)    │          0 │ activation_8[0][… │
├─────────────────────┼───────────────────┼────────────┼───────────────────┤
│ depthwise_conv2d_11 │ (1, 37, 1, 64)    │      1,536 │ stream_10[0][0]   │
│ (DepthwiseConv2D)   │                   │            │                   │
├─────────────────────┼───────────────────┼────────────┼───────────────────┤
│ conv2d_9 (Conv2D)   │ (1, 37, 1, 64)    │      4,096 │ depthwise_conv2d… │
├─────────────────────┼───────────────────┼────────────┼───────────────────┤
│ batch_normalizatio… │ (1, 37, 1, 64)    │        256 │ conv2d_9[0][0]    │
│ (BatchNormalizatio… │                   │            │                   │
├─────────────────────┼───────────────────┼────────────┼───────────────────┤
│ activation_9        │ (1, 37, 1, 64)    │          0 │ batch_normalizat… │
│ (Activation)        │                   │            │                   │
├─────────────────────┼───────────────────┼────────────┼───────────────────┤
│ stream_11 (Stream)  │ (1, 37, 1, 64)    │          0 │ activation_9[0][… │
├─────────────────────┼───────────────────┼────────────┼───────────────────┤
│ flatten_1 (Flatten) │ (1, 2368)         │          0 │ stream_11[0][0]   │
├─────────────────────┼───────────────────┼────────────┼───────────────────┤
│ dense_1 (Dense)     │ (1, 1)            │      2,369 │ flatten_1[0][0]   │
└─────────────────────┴───────────────────┴────────────┴───────────────────┘
 Total params: 27,329 (106.75 KB)
 Trainable params: 26,817 (104.75 KB)
 Non-trainable params: 512 (2.00 KB)
INFO:absl:None
INFO:absl:Saving streaming model
WARNING:absl:ring_buffer_size_in_time_dim overwritten by the passed-in value: 3
WARNING:absl:ring_buffer_size_in_time_dim overwritten by the passed-in value: 4
WARNING:absl:ring_buffer_size_in_time_dim overwritten by the passed-in value: 10
WARNING:absl:ring_buffer_size_in_time_dim overwritten by the passed-in value: 14
WARNING:absl:ring_buffer_size_in_time_dim overwritten by the passed-in value: 22
WARNING:absl:ring_buffer_size_in_time_dim overwritten by the passed-in value: 36
Model: "functional_1"
┏━━━━━━━━━━━━━━━━━━━━━┳━━━━━━━━━━━━━━━━━━━┳━━━━━━━━━━━━┳━━━━━━━━━━━━━━━━━━━┓
┃ Layer (type)        ┃ Output Shape      ┃    Param # ┃ Connected to      ┃
┡━━━━━━━━━━━━━━━━━━━━━╇━━━━━━━━━━━━━━━━━━━╇━━━━━━━━━━━━╇━━━━━━━━━━━━━━━━━━━┩
│ input_audio         │ (1, 2, 40)        │          0 │ -                 │
│ (InputLayer)        │                   │            │                   │
├─────────────────────┼───────────────────┼────────────┼───────────────────┤
│ expand_dims_1       │ (1, 2, 1, 40)     │          0 │ input_audio[0][0] │
│ (ExpandDims)        │                   │            │                   │
├─────────────────────┼───────────────────┼────────────┼───────────────────┤
│ stream_6 (Stream)   │ (1, 1, 1, 32)     │      6,520 │ expand_dims_1[0]… │
├─────────────────────┼───────────────────┼────────────┼───────────────────┤
│ activation_5        │ (1, 1, 1, 32)     │          0 │ stream_6[0][0]    │
│ (Activation)        │                   │            │                   │
├─────────────────────┼───────────────────┼────────────┼───────────────────┤
│ stream_7 (Stream)   │ (1, 5, 1, 32)     │        128 │ activation_5[0][… │
├─────────────────────┼───────────────────┼────────────┼───────────────────┤
│ depthwise_conv2d_6  │ (1, 1, 1, 32)     │        192 │ stream_7[0][0]    │
│ (DepthwiseConv2D)   │                   │            │                   │
├─────────────────────┼───────────────────┼────────────┼───────────────────┤
│ conv2d_6 (Conv2D)   │ (1, 1, 1, 64)     │      2,048 │ depthwise_conv2d… │
├─────────────────────┼───────────────────┼────────────┼───────────────────┤
│ batch_normalizatio… │ (1, 1, 1, 64)     │        256 │ conv2d_6[0][0]    │
│ (BatchNormalizatio… │                   │            │                   │
├─────────────────────┼───────────────────┼────────────┼───────────────────┤
│ activation_6        │ (1, 1, 1, 64)     │          0 │ batch_normalizat… │
│ (Activation)        │                   │            │                   │
├─────────────────────┼───────────────────┼────────────┼───────────────────┤
│ stream_8 (Stream)   │ (1, 11, 1, 64)    │        640 │ activation_6[0][… │
├─────────────────────┼───────────────────┼────────────┼───────────────────┤
│ channel_split_2     │ [(1, 11, 1, 32),  │          0 │ stream_8[0][0]    │
│ (ChannelSplit)      │ (1, 11, 1, 32)]   │            │                   │
├─────────────────────┼───────────────────┼────────────┼───────────────────┤
│ strided_keep_4      │ (1, 7, 1, 32)     │          0 │ channel_split_2[… │
│ (StridedKeep)       │                   │            │                   │
├─────────────────────┼───────────────────┼────────────┼───────────────────┤
│ strided_keep_5      │ (1, 11, 1, 32)    │          0 │ channel_split_2[… │
│ (StridedKeep)       │                   │            │                   │
├─────────────────────┼───────────────────┼────────────┼───────────────────┤
│ depthwise_conv2d_7  │ (1, 1, 1, 32)     │        256 │ strided_keep_4[0… │
│ (DepthwiseConv2D)   │                   │            │                   │
├─────────────────────┼───────────────────┼────────────┼───────────────────┤
│ depthwise_conv2d_8  │ (1, 1, 1, 32)     │        384 │ strided_keep_5[0… │
│ (DepthwiseConv2D)   │                   │            │                   │
├─────────────────────┼───────────────────┼────────────┼───────────────────┤
│ strided_drop_4      │ (1, 1, 1, 32)     │          0 │ depthwise_conv2d… │
│ (StridedDrop)       │                   │            │                   │
├─────────────────────┼───────────────────┼────────────┼───────────────────┤
│ strided_drop_5      │ (1, 1, 1, 32)     │          0 │ depthwise_conv2d… │
│ (StridedDrop)       │                   │            │                   │
├─────────────────────┼───────────────────┼────────────┼───────────────────┤
│ concatenate_2       │ (1, 1, 1, 64)     │          0 │ strided_drop_4[0… │
│ (Concatenate)       │                   │            │ strided_drop_5[0… │
├─────────────────────┼───────────────────┼────────────┼───────────────────┤
│ conv2d_7 (Conv2D)   │ (1, 1, 1, 64)     │      4,096 │ concatenate_2[0]… │
├─────────────────────┼───────────────────┼────────────┼───────────────────┤
│ batch_normalizatio… │ (1, 1, 1, 64)     │        256 │ conv2d_7[0][0]    │
│ (BatchNormalizatio… │                   │            │                   │
├─────────────────────┼───────────────────┼────────────┼───────────────────┤
│ activation_7        │ (1, 1, 1, 64)     │          0 │ batch_normalizat… │
│ (Activation)        │                   │            │                   │
├─────────────────────┼───────────────────┼────────────┼───────────────────┤
│ stream_9 (Stream)   │ (1, 15, 1, 64)    │        896 │ activation_7[0][… │
├─────────────────────┼───────────────────┼────────────┼───────────────────┤
│ channel_split_3     │ [(1, 15, 1, 32),  │          0 │ stream_9[0][0]    │
│ (ChannelSplit)      │ (1, 15, 1, 32)]   │            │                   │
├─────────────────────┼───────────────────┼────────────┼───────────────────┤
│ strided_keep_6      │ (1, 9, 1, 32)     │          0 │ channel_split_3[… │
│ (StridedKeep)       │                   │            │                   │
├─────────────────────┼───────────────────┼────────────┼───────────────────┤
│ strided_keep_7      │ (1, 15, 1, 32)    │          0 │ channel_split_3[… │
│ (StridedKeep)       │                   │            │                   │
├─────────────────────┼───────────────────┼────────────┼───────────────────┤
│ depthwise_conv2d_9  │ (1, 1, 1, 32)     │        320 │ strided_keep_6[0… │
│ (DepthwiseConv2D)   │                   │            │                   │
├─────────────────────┼───────────────────┼────────────┼───────────────────┤
│ depthwise_conv2d_10 │ (1, 1, 1, 32)     │        512 │ strided_keep_7[0… │
│ (DepthwiseConv2D)   │                   │            │                   │
├─────────────────────┼───────────────────┼────────────┼───────────────────┤
│ strided_drop_6      │ (1, 1, 1, 32)     │          0 │ depthwise_conv2d… │
│ (StridedDrop)       │                   │            │                   │
├─────────────────────┼───────────────────┼────────────┼───────────────────┤
│ strided_drop_7      │ (1, 1, 1, 32)     │          0 │ depthwise_conv2d… │
│ (StridedDrop)       │                   │            │                   │
├─────────────────────┼───────────────────┼────────────┼───────────────────┤
│ concatenate_3       │ (1, 1, 1, 64)     │          0 │ strided_drop_6[0… │
│ (Concatenate)       │                   │            │ strided_drop_7[0… │
├─────────────────────┼───────────────────┼────────────┼───────────────────┤
│ conv2d_8 (Conv2D)   │ (1, 1, 1, 64)     │      4,096 │ concatenate_3[0]… │
├─────────────────────┼───────────────────┼────────────┼───────────────────┤
│ batch_normalizatio… │ (1, 1, 1, 64)     │        256 │ conv2d_8[0][0]    │
│ (BatchNormalizatio… │                   │            │                   │
├─────────────────────┼───────────────────┼────────────┼───────────────────┤
│ activation_8        │ (1, 1, 1, 64)     │          0 │ batch_normalizat… │
│ (Activation)        │                   │            │                   │
├─────────────────────┼───────────────────┼────────────┼───────────────────┤
│ stream_10 (Stream)  │ (1, 23, 1, 64)    │      1,408 │ activation_8[0][… │
├─────────────────────┼───────────────────┼────────────┼───────────────────┤
│ depthwise_conv2d_11 │ (1, 1, 1, 64)     │      1,536 │ stream_10[0][0]   │
│ (DepthwiseConv2D)   │                   │            │                   │
├─────────────────────┼───────────────────┼────────────┼───────────────────┤
│ conv2d_9 (Conv2D)   │ (1, 1, 1, 64)     │      4,096 │ depthwise_conv2d… │
├─────────────────────┼───────────────────┼────────────┼───────────────────┤
│ batch_normalizatio… │ (1, 1, 1, 64)     │        256 │ conv2d_9[0][0]    │
│ (BatchNormalizatio… │                   │            │                   │
├─────────────────────┼───────────────────┼────────────┼───────────────────┤
│ activation_9        │ (1, 1, 1, 64)     │          0 │ batch_normalizat… │
│ (Activation)        │                   │            │                   │
├─────────────────────┼───────────────────┼────────────┼───────────────────┤
│ stream_11 (Stream)  │ (1, 37, 1, 64)    │      2,304 │ activation_9[0][… │
├─────────────────────┼───────────────────┼────────────┼───────────────────┤
│ flatten_1 (Flatten) │ (1, 2368)         │          0 │ stream_11[0][0]   │
├─────────────────────┼───────────────────┼────────────┼───────────────────┤
│ dense_1 (Dense)     │ (1, 1)            │      2,369 │ flatten_1[0][0]   │
└─────────────────────┴───────────────────┴────────────┴───────────────────┘
 Total params: 32,825 (128.22 KB)
 Trainable params: 26,817 (104.75 KB)
 Non-trainable params: 6,008 (23.47 KB)
INFO:absl:Function `call` contains input name(s) resource with unsupported characters which will be renamed to dense_1_1_add_readvariableop_resource in the SavedModel.
INFO:absl:Function `call` contains input name(s) resource with unsupported characters which will be renamed to dense_1_1_add_readvariableop_resource in the SavedModel.
INFO:absl:Sharding callback duration: 28 microseconds
INFO:absl:Sharding callback duration: 19 microseconds
INFO:absl:Writing fingerprint to /data/work/trained_models/wakeword/stream_state_internal/fingerprint.pb
Saved artifact at '/data/work/trained_models/wakeword/stream_state_internal'. The following endpoints are available:

* Endpoint 'serve'
  inputs (POSITIONAL_OR_KEYWORD): TensorSpec(shape=(1, 2, 40), dtype=tf.float32, name=None)
  training (POSITIONAL_OR_KEYWORD): Literal[None]
  mask (POSITIONAL_OR_KEYWORD): Literal[None]
Output Type:
  TensorSpec(shape=(1, 1), dtype=tf.float32, name=None)
Captures:
  135746538302032: TensorSpec(shape=(), dtype=tf.resource, name=None)
  135746675999568: TensorSpec(shape=(), dtype=tf.resource, name=None)
  135746538302224: TensorSpec(shape=(), dtype=tf.resource, name=None)
  135746538295312: TensorSpec(shape=(), dtype=tf.resource, name=None)
  135746538299728: TensorSpec(shape=(), dtype=tf.resource, name=None)
  135746538305488: TensorSpec(shape=(), dtype=tf.resource, name=None)
  135746538297808: TensorSpec(shape=(), dtype=tf.resource, name=None)
  135746538303952: TensorSpec(shape=(), dtype=tf.resource, name=None)
  135746538297424: TensorSpec(shape=(), dtype=tf.resource, name=None)
  135746538298960: TensorSpec(shape=(), dtype=tf.resource, name=None)
  135746538300880: TensorSpec(shape=(), dtype=tf.resource, name=None)
  135746538300688: TensorSpec(shape=(), dtype=tf.resource, name=None)
  135746538301840: TensorSpec(shape=(), dtype=tf.resource, name=None)
  135746538304144: TensorSpec(shape=(), dtype=tf.resource, name=None)
  135746538301456: TensorSpec(shape=(), dtype=tf.resource, name=None)
  135746538302800: TensorSpec(shape=(), dtype=tf.resource, name=None)
  135746538293008: TensorSpec(shape=(), dtype=tf.resource, name=None)
  135746538302416: TensorSpec(shape=(), dtype=tf.resource, name=None)
  135746538300304: TensorSpec(shape=(), dtype=tf.resource, name=None)
  135746538306064: TensorSpec(shape=(), dtype=tf.resource, name=None)
  135746538305680: TensorSpec(shape=(), dtype=tf.resource, name=None)
  135746538303376: TensorSpec(shape=(), dtype=tf.resource, name=None)
  135746538296080: TensorSpec(shape=(), dtype=tf.resource, name=None)
  135746538297616: TensorSpec(shape=(), dtype=tf.resource, name=None)
  135746538299152: TensorSpec(shape=(), dtype=tf.resource, name=None)
  135746538296656: TensorSpec(shape=(), dtype=tf.resource, name=None)
  135746538295696: TensorSpec(shape=(), dtype=tf.resource, name=None)
  135746538302608: TensorSpec(shape=(), dtype=tf.resource, name=None)
  135746538300112: TensorSpec(shape=(), dtype=tf.resource, name=None)
  135746538303760: TensorSpec(shape=(), dtype=tf.resource, name=None)
  135746538298576: TensorSpec(shape=(), dtype=tf.resource, name=None)
  135746268037392: TensorSpec(shape=(), dtype=tf.resource, name=None)
  135746268037968: TensorSpec(shape=(), dtype=tf.resource, name=None)
  135746268038928: TensorSpec(shape=(), dtype=tf.resource, name=None)
  135746268037584: TensorSpec(shape=(), dtype=tf.resource, name=None)
  135746268037776: TensorSpec(shape=(), dtype=tf.resource, name=None)
  135746268038160: TensorSpec(shape=(), dtype=tf.resource, name=None)
  135746268039504: TensorSpec(shape=(), dtype=tf.resource, name=None)
  135746268039888: TensorSpec(shape=(), dtype=tf.resource, name=None)
  135746268037200: TensorSpec(shape=(), dtype=tf.resource, name=None)
  135746268038736: TensorSpec(shape=(), dtype=tf.resource, name=None)
INFO:absl:Converting quantized streaming model to TFLite
WARNING: All log messages before absl::InitializeLog() is called are written to STDERR
W0000 00:00:1773848319.838414     824 tf_tfl_flatbuffer_helpers.cc:364] Ignored output_format.
W0000 00:00:1773848319.847891     824 tf_tfl_flatbuffer_helpers.cc:367] Ignored drop_control_dependency.
I0000 00:00:1773848320.031649     824 mlir_graph_optimization_pass.cc:437] MLIR V1 optimization pass is not enabled
fully_quantize: 0, inference_type: 6, input_inference_type: INT8, output_inference_type: UINT8
INFO:absl:Testing the TFLite quantized streaming model false accept per hour and false rejection rates at various cutoffs.
INFO: Created TensorFlow Lite XNNPACK delegate for CPU.
INFO:absl:Testing the testing_ambient set.
INFO:absl:Testing the testing set.
INFO:absl:AUC 0.02764
INFO:absl:Cutoff 0.95: frr=0.0248; faph=0.000
INFO:absl:Cutoff 0.93: frr=0.0216; faph=0.187
INFO:absl:Cutoff 0.91: frr=0.0194; faph=0.375
INFO:absl:Cutoff 0.90: frr=0.0186; faph=0.562
INFO:absl:Cutoff 0.65: frr=0.0116; faph=0.750
INFO:absl:Cutoff 0.62: frr=0.0112; faph=0.937
INFO:absl:Cutoff 0.61: frr=0.0110; faph=1.125
INFO:absl:Cutoff 0.56: frr=0.0104; faph=1.500
INFO:absl:Cutoff 0.49: frr=0.0092; faph=1.875
INFO:absl:Cutoff 0.48: frr=0.0092; faph=2.000
